<?xml version="1.0" encoding="UTF-8"?>
<!-- Generated by org.testng.reporters.JUnitReportReporter -->
<testsuite hostname="WKWIN9456174" failures="0" tests="1" name="SignupTest" time="5.560" errors="0" timestamp="26 Dec 2020 16:09:26 GMT" skipped="0">
  <testcase classname="SignupTest" name="signupTest" time="5.560"/>
</testsuite> <!-- SignupTest -->
